0 info it worked if it ends with ok
1 verbose cli [ '/usr/bin/node', '/usr/bin/npm', 'init', '-y' ]
2 info using npm@3.5.2
3 info using node@v8.10.0
4 silly package data undefined
5 info init written successfully
6 verbose stack Error: Invalid name: "Node Project (6-8-19)"
6 verbose stack     at ensureValidName (/usr/share/npm/node_modules/normalize-package-data/lib/fixer.js:336:15)
6 verbose stack     at Object.fixNameField (/usr/share/npm/node_modules/normalize-package-data/lib/fixer.js:215:5)
6 verbose stack     at /usr/share/npm/node_modules/normalize-package-data/lib/normalize.js:32:38
6 verbose stack     at Array.forEach (<anonymous>)
6 verbose stack     at normalize (/usr/share/npm/node_modules/normalize-package-data/lib/normalize.js:31:15)
6 verbose stack     at final (/usr/share/npm/node_modules/read-package-json/read-json.js:338:5)
6 verbose stack     at then (/usr/share/npm/node_modules/read-package-json/read-json.js:113:5)
6 verbose stack     at ReadFileContext.<anonymous> (/usr/share/npm/node_modules/read-package-json/read-json.js:284:20)
6 verbose stack     at ReadFileContext.callback (/usr/share/npm/node_modules/graceful-fs/graceful-fs.js:76:16)
6 verbose stack     at FSReqWrap.readFileAfterOpen [as oncomplete] (fs.js:420:13)
7 verbose cwd /mnt/c/Users/rizwa/Desktop/The Hacking School Resources/Codes/Node Projects/Node Project (6-8-19)
8 error Linux 4.4.0-18362-Microsoft
9 error argv "/usr/bin/node" "/usr/bin/npm" "init" "-y"
10 error node v8.10.0
11 error npm  v3.5.2
12 error Invalid name: "Node Project (6-8-19)"
13 error If you need help, you may report this error at:
13 error     <https://github.com/npm/npm/issues>
14 verbose exit [ 1, true ]
